<?xml version="1.0" encoding="UTF-8" standalone="no"?>
<testsuite errors="0" failures="1" name="io.cucumber.core.plugin.JUnitFormatter" skipped="0" tests="2" time="7.921">
    <testcase classname="Data Tables in Cucumbers using list and maps" name="Data Table as Maps" time="4.861">
        <system-out><![CDATA[Given I want to show data table as map......................................passed
When I recevie below mentioned data in table as map.........................passed
Then my list is iterated successfully.......................................passed
]]></system-out>
    </testcase>
    <testcase classname="Data Tables in Cucumbers using list and maps" name="Data Table as Maps only" time="2.728">
        <failure message="The scenario has pending or undefined step(s)" type="java.lang.Exception"><![CDATA[Given I want to show data table as map only.................................undefined
When I recevie below mentioned data in table as map only....................skipped
Then my list is iterated successfully.......................................skipped
]]></failure>
    </testcase>
</testsuite>
